2023-08-26T14:21:47.239Z [INFO]  Terraform version: 1.5.5
2023-08-26T14:21:47.240Z [DEBUG] using github.com/hashicorp/go-tfe v1.26.0
2023-08-26T14:21:47.241Z [DEBUG] using github.com/hashicorp/hcl/v2 v2.16.2
2023-08-26T14:21:47.241Z [DEBUG] using github.com/hashicorp/terraform-svchost v0.1.0
2023-08-26T14:21:47.241Z [DEBUG] using github.com/zclconf/go-cty v1.12.2
2023-08-26T14:21:47.241Z [INFO]  Go runtime version: go1.20.7
2023-08-26T14:21:47.242Z [INFO]  CLI args: []string{"terraform", "fmt"}
2023-08-26T14:21:47.242Z [TRACE] Stdout is a terminal of width 176
2023-08-26T14:21:47.242Z [TRACE] Stderr is a terminal of width 176
2023-08-26T14:21:47.242Z [TRACE] Stdin is a terminal
2023-08-26T14:21:47.242Z [DEBUG] Attempting to open CLI config file: /home/ec2-user/.terraformrc
2023-08-26T14:21:47.242Z [DEBUG] File doesn't exist, but doesn't need to. Ignoring.
2023-08-26T14:21:47.242Z [DEBUG] ignoring non-existing provider search directory terraform.d/plugins
2023-08-26T14:21:47.242Z [DEBUG] ignoring non-existing provider search directory /home/ec2-user/.terraform.d/plugins
2023-08-26T14:21:47.242Z [DEBUG] ignoring non-existing provider search directory /home/ec2-user/.local/share/terraform/plugins
2023-08-26T14:21:47.242Z [DEBUG] ignoring non-existing provider search directory /usr/local/share/terraform/plugins
2023-08-26T14:21:47.242Z [DEBUG] ignoring non-existing provider search directory /usr/share/terraform/plugins
2023-08-26T14:21:47.244Z [INFO]  CLI command args: []string{"fmt"}
2023-08-26T14:21:47.244Z [TRACE] terraform fmt: looking for files in .
2023-08-26T14:21:47.244Z [TRACE] terraform fmt: Formatting main.tf
2023-08-26T14:21:47.244Z [TRACE] terraform fmt: Formatting output.tf
2023-08-26T14:21:47.246Z [TRACE] terraform fmt: Formatting variables.tf
